voicering/apprecognizer/build/outputs/logs/manifest-merger-debug-report.txt
-- Merging decision tree log ---
manifest
ADDED from src\main\AndroidManifest.xml:2:1-34:12
INJECTED from src\main\AndroidManifest.xml:2:1-34:12
INJECTED from src\main\AndroidManifest.xml:2:1-34:12
INJECTED from src\main\AndroidManifest.xml:2:1-34:12
INJECTED from src\main\AndroidManifest.xml:2:1-34:12
INJECTED from src\main\AndroidManifest.xml:2:1-34:12
INJECTED from src\main\AndroidManifest.xml:2:1-34:12
	package
		ADDED from src\main\AndroidManifest.xml:3:7-49
		INJECTED from src\main\AndroidManifest.xml
		INJECTED from src\main\AndroidManifest.xml
	android:versionName
		ADDED from src\main\AndroidManifest.xml:5:7-32
		INJECTED from src\main\AndroidManifest.xml
		INJECTED from src\main\AndroidManifest.xml
	xmlns:android
		ADDED from src\main\AndroidManifest.xml:2:11-69
	android:versionCode
		ADDED from src\main\AndroidManifest.xml:4:7-30
		INJECTED from src\main\AndroidManifest.xml
		INJECTED from src\main\AndroidManifest.xml
application
ADDED from src\main\AndroidManifest.xml:6:5-15:19
	android:label
		ADDED from src\main\AndroidManifest.xml:6:18-50
	android:debuggable
		ADDED from src\main\AndroidManifest.xml:6:51-76
	android:icon
		ADDED from src\main\AndroidManifest.xml:6:77-113
activity#com.nuance.singlethreadrec_basic.SinglethreadrecBasicApp
ADDED from src\main\AndroidManifest.xml:7:9-14:20
	android:screenOrientation
		ADDED from src\main\AndroidManifest.xml:8:19-56
	android:label
		ADDED from src\main\AndroidManifest.xml:9:19-51
	android:name
		ADDED from src\main\AndroidManifest.xml:7:19-57
intent-filter#action:name:android.intent.action.MAIN+category:name:android.intent.category.LAUNCHER
ADDED from src\main\AndroidManifest.xml:10:13-13:29
action#android.intent.action.MAIN
ADDED from src\main\AndroidManifest.xml:11:17-69
	android:name
		ADDED from src\main\AndroidManifest.xml:11:25-66
category#android.intent.category.LAUNCHER
ADDED from src\main\AndroidManifest.xml:12:17-77
	android:name
		ADDED from src\main\AndroidManifest.xml:12:27-74
supports-screens
ADDED from src\main\AndroidManifest.xml:17:5-53
	android:largeScreens
		ADDED from src\main\AndroidManifest.xml:17:23-50
uses-permission#android.permission.RECORD_AUDIO
ADDED from src\main\AndroidManifest.xml:20:5-70
	android:name
		ADDED from src\main\AndroidManifest.xml:20:22-68
uses-permission#android.permission.MODIFY_AUDIO_SETTINGS
ADDED from src\main\AndroidManifest.xml:23:5-79
	android:name
		ADDED from src\main\AndroidManifest.xml:23:22-77
uses-permission#android.permission.INTERNET
ADDED from src\main\AndroidManifest.xml:26:5-66
	android:name
		ADDED from src\main\AndroidManifest.xml:26:22-64
uses-permission#android.permission.WRITE_EXTERNAL_STORAGE
ADDED from src\main\AndroidManifest.xml:28:5-80
	android:name
		ADDED from src\main\AndroidManifest.xml:28:22-78
uses-permission#android.permission.READ_PHONE_STATE
ADDED from src\main\AndroidManifest.xml:30:5-74
	android:name
		ADDED from src\main\AndroidManifest.xml:30:22-72
uses-sdk
ADDED from src\main\AndroidManifest.xml:33:5-44
INJECTED from src\main\AndroidManifest.xml:33:5-44
INJECTED from src\main\AndroidManifest.xml:33:5-44
INJECTED from src\main\AndroidManifest.xml:33:5-44
INJECTED from src\main\AndroidManifest.xml:33:5-44
	android:targetSdkVersion
		INJECTED from src\main\AndroidManifest.xml
		ADDED from src\main\AndroidManifest.xml:33:5-44
		INJECTED from src\main\AndroidManifest.xml
	android:minSdkVersion
		ADDED from src\main\AndroidManifest.xml:33:15-41
		INJECTED from src\main\AndroidManifest.xml
		INJECTED from src\main\AndroidManifest.xml